<?xml version="1.0" encoding="UTF-8"?>
<!-- Generated by org.testng.reporters.JUnitReportReporter -->
<testsuite hostname="MyLaptop" failures="0" tests="1" name="qa.test.ChatTest" time="90.873" errors="0" timestamp="2024-10-06T23:32:27 PKT" skipped="0">
  <testcase classname="qa.test.ChatTest" name="Test" time="90.873"/>
</testsuite> <!-- qa.test.ChatTest -->
