<?xml version="1.0" encoding="UTF-8"?>
<!-- Generated by org.testng.reporters.JUnitReportReporter -->
<testsuite hostname="MyLaptop" failures="0" tests="1" name="qa.test.ScriptTest" time="1153.726" errors="0" timestamp="2024-09-16T20:39:31 PKT" skipped="0">
  <testcase classname="qa.test.ScriptTest" name="Test" time="1153.726"/>
</testsuite> <!-- qa.test.ScriptTest -->
